<?xml version="1.0" encoding="UTF-8"?>
<testsuite xmlns:xsi="http://www.w3.org/2001/XMLSchema-instance" xsi:noNamespaceSchemaLocation="https://maven.apache.org/surefire/maven-surefire-plugin/xsd/surefire-test-report-3.0.xsd" version="3.0" name="com.manager.boot03onlineshoppingTests" time="16.13" tests="1" errors="0" skipped="0" failures="0">
  <properties>
[...]
</properties>
  <testcase name="contextLoads" classname="com.manager.boot03onlineshoppingTests" time="1.392">
    <system-out><![CDATA[11:15:24.819 [main] INFO org.springframework.test.context.support.AnnotationConfigContextLoaderUtils -- Could not detect default configuration classes for test class [com.manager.boot03onlineshoppingTests]: boot03onlineshoppingTests does not declare any static, non-private, non-final, nested classes annotated with @Configuration.
11:15:25.127 [main] INFO org.springframework.boot.test.context.SpringBootTestContextBootstrapper -- Found @SpringBootConfiguration com.manager.boot03onlineshopping for test class com.manager.boot03onlineshoppingTests

  .   ____          _            __ _ _
 /\\ / ___'_ __ _ _(_)_ __  __ _ \ \ \ \
( ( )\___ | '_ | '_| | '_ \/ _` | \ \ \ \
 \\/  ___)| |_)| | | | | || (_| |  ) ) ) )
  '  |____| .__|_| |_|_| |_\__, | / / / /
 =========|_|==============|___/=/_/_/_/
 :: Spring Boot ::                (v3.1.2)

2023-10-12T11:15:26.142Z  INFO 60837 --- [           main] com.manager.boot03onlineshoppingTests    : Starting boot03onlineshoppingTests using Java 17.0.8.1 with PID 60837 (started by ubuntu in /home/ubuntu/spring-boot-app)
2023-10-12T11:15:26.143Z  INFO 60837 --- [           main] com.manager.boot03onlineshoppingTests    : No active profile set, falling back to 1 default profile: "default"
2023-10-12T11:15:27.873Z  INFO 60837 --- [           main] .s.d.r.c.RepositoryConfigurationDelegate : Bootstrapping Spring Data JPA repositories in DEFAULT mode.
2023-10-12T11:15:28.040Z  INFO 60837 --- [           main] .s.d.r.c.RepositoryConfigurationDelegate : Finished Spring Data repository scanning in 145 ms. Found 4 JPA repository interfaces.
2023-10-12T11:15:29.244Z  INFO 60837 --- [           main] o.hibernate.jpa.internal.util.LogHelper  : HHH000204: Processing PersistenceUnitInfo [name: default]
2023-10-12T11:15:29.353Z  INFO 60837 --- [           main] org.hibernate.Version                    : HHH000412: Hibernate ORM core version 6.2.6.Final
2023-10-12T11:15:29.362Z  INFO 60837 --- [           main] org.hibernate.cfg.Environment            : HHH000406: Using bytecode reflection optimizer
2023-10-12T11:15:29.663Z  INFO 60837 --- [           main] o.h.b.i.BytecodeProviderInitiator        : HHH000021: Bytecode provider name : bytebuddy
2023-10-12T11:15:29.969Z  INFO 60837 --- [           main] o.s.o.j.p.SpringPersistenceUnitInfo      : No LoadTimeWeaver setup: ignoring JPA class transformer
2023-10-12T11:15:30.030Z  INFO 60837 --- [           main] com.zaxxer.hikari.HikariDataSource       : HikariPool-1 - Starting...
2023-10-12T11:15:31.048Z  INFO 60837 --- [           main] com.zaxxer.hikari.pool.HikariPool        : HikariPool-1 - Added connection com.mysql.cj.jdbc.ConnectionImpl@270f28cf
2023-10-12T11:15:31.050Z  INFO 60837 --- [           main] com.zaxxer.hikari.HikariDataSource       : HikariPool-1 - Start completed.
2023-10-12T11:15:31.101Z  WARN 60837 --- [           main] org.hibernate.orm.deprecation            : HHH90000026: MySQL57Dialect has been deprecated; use org.hibernate.dialect.MySQLDialect instead
2023-10-12T11:15:32.465Z  INFO 60837 --- [           main] o.h.b.i.BytecodeProviderInitiator        : HHH000021: Bytecode provider name : bytebuddy
2023-10-12T11:15:34.530Z  INFO 60837 --- [           main] o.h.e.t.j.p.i.JtaPlatformInitiator       : HHH000490: Using JtaPlatform implementation: [org.hibernate.engine.transaction.jta.platform.internal.NoJtaPlatform]
2023-10-12T11:15:34.793Z  INFO 60837 --- [           main] j.LocalContainerEntityManagerFactoryBean : Initialized JPA EntityManagerFactory for persistence unit 'default'
2023-10-12T11:15:35.512Z  INFO 60837 --- [           main] o.s.d.j.r.query.QueryEnhancerFactory     : Hibernate is in classpath; If applicable, HQL parser will be used.
2023-10-12T11:15:36.858Z  WARN 60837 --- [           main] JpaBaseConfiguration$JpaWebConfiguration : spring.jpa.open-in-view is enabled by default. Therefore, database queries may be performed during view rendering. Explicitly configure spring.jpa.open-in-view to disable this warning
2023-10-12T11:15:37.490Z  INFO 60837 --- [           main] o.s.s.web.DefaultSecurityFilterChain     : Will secure any request with [org.springframework.security.web.session.DisableEncodeUrlFilter@44faf689, org.springframework.security.web.context.request.async.WebAsyncManagerIntegrationFilter@5146ae5e, org.springframework.security.web.context.SecurityContextHolderFilter@44835de9, org.springframework.security.web.header.HeaderWriterFilter@2d63534d, org.springframework.security.web.authentication.logout.LogoutFilter@8ea1521, org.springframework.security.web.authentication.UsernamePasswordAuthenticationFilter@12a0f131, org.springframework.security.web.savedrequest.RequestCacheAwareFilter@2542e124, org.springframework.security.web.servletapi.SecurityContextHolderAwareRequestFilter@3545bfea, org.springframework.security.web.authentication.AnonymousAuthenticationFilter@642270ad, org.springframework.security.web.access.ExceptionTranslationFilter@b926efa, org.springframework.security.web.access.intercept.AuthorizationFilter@35ca0dac]
2023-10-12T11:15:39.060Z  INFO 60837 --- [           main] com.manager.boot03onlineshoppingTests    : Started boot03onlineshoppingTests in 13.582 seconds (process running for 16.491)
]]></system-out>
  </testcase>
</testsuite>